[Mon Oct 19 12:03:49 2015] [notice] Digest: generating secret for digest authentication ...
[Mon Oct 19 12:03:49 2015] [notice] Digest: done
[Mon Oct 19 12:03:49 2015] [notice] FastCGI: process manager initialized (pid 6583)
[Mon Oct 19 12:03:49 2015] [notice] Apache/2.2.29 (Unix) mod_wsgi/3.5 Python/2.7.10 PHP/5.6.10 mod_ssl/2.2.29 OpenSSL/0.9.8zf DAV/2 mod_fastcgi/2.4.6 mod_perl/2.0.9 Perl/v5.22.0 configured -- resuming normal operations
[Mon Oct 19 12:03:54 2015] [error] [client ::1] File does not exist: /Applications/MAMP/htdocs/docs-assets, referer: http://localhost:8888/MAMP/?language=English
[Mon Oct 19 12:53:27 2015] [notice] caught SIGTERM, shutting down
[Mon Oct 26 11:48:12 2015] [notice] Digest: generating secret for digest authentication ...
[Mon Oct 26 11:48:12 2015] [notice] Digest: done
[Mon Oct 26 11:48:12 2015] [notice] FastCGI: process manager initialized (pid 1717)
[Mon Oct 26 11:48:12 2015] [notice] Apache/2.2.29 (Unix) mod_wsgi/3.5 Python/2.7.10 PHP/5.6.10 mod_ssl/2.2.29 OpenSSL/0.9.8zf DAV/2 mod_fastcgi/2.4.6 mod_perl/2.0.9 Perl/v5.22.0 configured -- resuming normal operations
[Mon Oct 26 11:48:16 2015] [error] [client ::1] File does not exist: /Applications/MAMP/htdocs/docs-assets, referer: http://localhost:8888/MAMP/?language=English
[Mon Oct 26 11:49:18 2015] [error] [client ::1] script '/Applications/MAMP/bin/phpMyAdmin/main.php' not found or unable to stat, referer: http://localhost:8888/phpMyAdmin/?lang=en
[Mon Oct 26 11:49:25 2015] [error] [client ::1] client denied by server configuration: /Applications/MAMP/htdocs/.DS_Store, referer: http://localhost:8888/MAMP/index.php?language=English&page=phpinfo
[Mon Oct 26 12:08:05 2015] [error] [client 127.0.0.1] client denied by server configuration: /Applications/MAMP/htdocs/.DS_Store, referer: http://localhost:8888/MAMP/index.php?language=English&page=phpinfo
[Mon Oct 26 12:17:32 2015] [notice] caught SIGTERM, shutting down
[Mon Oct 26 12:17:47 2015] [notice] Digest: generating secret for digest authentication ...
[Mon Oct 26 12:17:47 2015] [notice] Digest: done
[Mon Oct 26 12:17:47 2015] [notice] FastCGI: process manager initialized (pid 5655)
[Mon Oct 26 12:17:47 2015] [notice] Apache/2.2.29 (Unix) mod_wsgi/3.5 Python/2.7.10 PHP/5.6.10 mod_ssl/2.2.29 OpenSSL/0.9.8zf DAV/2 mod_fastcgi/2.4.6 mod_perl/2.0.9 Perl/v5.22.0 configured -- resuming normal operations
[Mon Oct 26 12:28:35 2015] [error] [client ::1] client denied by server configuration: /Applications/MAMP/htdocs/.DS_Store
[Mon Oct 26 12:28:52 2015] [error] [client ::1] File does not exist: /Applications/MAMP/htdocs/wp-admin
[Mon Oct 26 12:28:55 2015] [error] [client ::1] client denied by server configuration: /Applications/MAMP/htdocs/.DS_Store
[Mon Oct 26 12:30:27 2015] [error] [client ::1] client denied by server configuration: /Applications/MAMP/htdocs/.DS_Store
[Mon Oct 26 12:30:41 2015] [error] [client ::1] File does not exist: /Applications/MAMP/htdocs/wpadmin
[Mon Oct 26 12:58:41 2015] [error] [client ::1] client denied by server configuration: /Applications/MAMP/htdocs/.DS_Store, referer: http://localhost:8888/MAMP/?language=English
[Mon Oct 26 12:58:49 2015] [error] [client ::1] File does not exist: /Applications/MAMP/htdocs/apple-touch-icon-precomposed.png
[Mon Oct 26 12:58:49 2015] [error] [client ::1] File does not exist: /Applications/MAMP/htdocs/apple-touch-icon.png
[Mon Oct 26 13:12:05 2015] [error] [client ::1] client denied by server configuration: /Applications/MAMP/htdocs/.DS_Store, referer: http://localhost:8888/MAMP/?language=English
[Wed Oct 28 20:30:12 2015] [notice] Digest: generating secret for digest authentication ...
[Wed Oct 28 20:30:12 2015] [notice] Digest: done
[Wed Oct 28 20:30:12 2015] [warn] pid file /Applications/MAMP/Library/logs/httpd.pid overwritten -- Unclean shutdown of previous Apache run?
[Wed Oct 28 20:30:12 2015] [notice] FastCGI: process manager initialized (pid 659)
[Wed Oct 28 20:30:13 2015] [notice] Apache/2.2.29 (Unix) mod_wsgi/3.5 Python/2.7.10 PHP/5.6.10 mod_ssl/2.2.29 OpenSSL/0.9.8zc DAV/2 mod_fastcgi/2.4.6 mod_perl/2.0.9 Perl/v5.22.0 configured -- resuming normal operations
[Wed Oct 28 20:30:25 2015] [error] [client ::1] File does not exist: /Applications/MAMP/htdocs/wp-admin
[Wed Oct 28 20:30:30 2015] [error] [client ::1] File does not exist: /Applications/MAMP/htdocs/docs-assets, referer: http://localhost:8888/MAMP/?language=English
[Wed Oct 28 20:51:23 2015] [error] [client ::1] client denied by server configuration: /Applications/MAMP/htdocs/.DS_Store
[Thu Oct 29 18:52:12 2015] [error] [client ::1] client denied by server configuration: /Applications/MAMP/htdocs/.DS_Store
[Thu Oct 29 21:12:05 2015] [error] [client ::1] client denied by server configuration: /Applications/MAMP/htdocs/.DS_Store
[Thu Oct 29 21:48:14 2015] [error] [client ::1] client denied by server configuration: /Applications/MAMP/htdocs/.DS_Store
[Thu Oct 29 22:08:03 2015] [notice] caught SIGTERM, shutting down
